Start testing: Aug 16 02:24 -03
----------------------------------------------------------
1/3 Testing: BasicArrayObjectTest
1/3 Test: BasicArrayObjectTest
Command: "/home/joaovictor/Code/gervLib/cmake-build-debug/tests/BasicArrayObjectTest"
Directory: /home/joaovictor/Code/gervLib/cmake-build-debug/tests
"BasicArrayObjectTest" start time: Aug 16 02:24 -03
Output:
----------------------------------------------------------
<end of output>
Test time =   0.00 sec
----------------------------------------------------------
Test Passed.
"BasicArrayObjectTest" end time: Aug 16 02:24 -03
"BasicArrayObjectTest" time elapsed: 00:00:00
----------------------------------------------------------

2/3 Testing: DatasetTest
2/3 Test: DatasetTest
Command: "/home/joaovictor/Code/gervLib/cmake-build-debug/tests/DatasetTest"
Directory: /home/joaovictor/Code/gervLib/cmake-build-debug/tests
"DatasetTest" start time: Aug 16 02:24 -03
Output:
----------------------------------------------------------
<end of output>
Test time =   0.29 sec
----------------------------------------------------------
Test Passed.
"DatasetTest" end time: Aug 16 02:24 -03
"DatasetTest" time elapsed: 00:00:00
----------------------------------------------------------

3/3 Testing: DistanceTest
3/3 Test: DistanceTest
Command: "/home/joaovictor/Code/gervLib/cmake-build-debug/tests/DistanceTest"
Directory: /home/joaovictor/Code/gervLib/cmake-build-debug/tests
"DistanceTest" start time: Aug 16 02:24 -03
Output:
----------------------------------------------------------
<end of output>
Test time =   0.06 sec
----------------------------------------------------------
Test Passed.
"DistanceTest" end time: Aug 16 02:24 -03
"DistanceTest" time elapsed: 00:00:00
----------------------------------------------------------

End testing: Aug 16 02:24 -03
