Start testing: Aug 16 19:48 -03
----------------------------------------------------------
1/17 Testing: BasicArrayObjectTest
1/17 Test: BasicArrayObjectTest
Command: "/home/joaovictor/Code/gervLib/cmake-build-release/tests/BasicArrayObjectTest"
Directory: /home/joaovictor/Code/gervLib/cmake-build-release/tests
"BasicArrayObjectTest" start time: Aug 16 19:48 -03
Output:
----------------------------------------------------------
<end of output>
Test time =   0.00 sec
----------------------------------------------------------
Test Passed.
"BasicArrayObjectTest" end time: Aug 16 19:48 -03
"BasicArrayObjectTest" time elapsed: 00:00:00
----------------------------------------------------------

2/17 Testing: DatasetTest
2/17 Test: DatasetTest
Command: "/home/joaovictor/Code/gervLib/cmake-build-release/tests/DatasetTest"
Directory: /home/joaovictor/Code/gervLib/cmake-build-release/tests
"DatasetTest" start time: Aug 16 19:48 -03
Output:
----------------------------------------------------------
<end of output>
Test time =   0.03 sec
----------------------------------------------------------
Test Passed.
"DatasetTest" end time: Aug 16 19:48 -03
"DatasetTest" time elapsed: 00:00:00
----------------------------------------------------------

3/17 Testing: DistanceTest
3/17 Test: DistanceTest
Command: "/home/joaovictor/Code/gervLib/cmake-build-release/tests/DistanceTest"
Directory: /home/joaovictor/Code/gervLib/cmake-build-release/tests
"DistanceTest" start time: Aug 16 19:48 -03
Output:
----------------------------------------------------------
<end of output>
Test time =   0.01 sec
----------------------------------------------------------
Test Passed.
"DistanceTest" end time: Aug 16 19:48 -03
"DistanceTest" time elapsed: 00:00:00
----------------------------------------------------------

4/17 Testing: PivotTest
4/17 Test: PivotTest
Command: "/home/joaovictor/Code/gervLib/cmake-build-release/tests/PivotTest"
Directory: /home/joaovictor/Code/gervLib/cmake-build-release/tests
"PivotTest" start time: Aug 16 19:48 -03
Output:
----------------------------------------------------------
<end of output>
Test time =   0.00 sec
----------------------------------------------------------
Test Passed.
"PivotTest" end time: Aug 16 19:48 -03
"PivotTest" time elapsed: 00:00:00
----------------------------------------------------------

5/17 Testing: RandomPivotsTest
5/17 Test: RandomPivotsTest
Command: "/home/joaovictor/Code/gervLib/cmake-build-release/tests/RandomPivotsTest"
Directory: /home/joaovictor/Code/gervLib/cmake-build-release/tests
"RandomPivotsTest" start time: Aug 16 19:48 -03
Output:
----------------------------------------------------------
<end of output>
Test time =   0.00 sec
----------------------------------------------------------
Test Passed.
"RandomPivotsTest" end time: Aug 16 19:48 -03
"RandomPivotsTest" time elapsed: 00:00:00
----------------------------------------------------------

6/17 Testing: FFTPivotsTest
6/17 Test: FFTPivotsTest
Command: "/home/joaovictor/Code/gervLib/cmake-build-release/tests/FFTPivotsTest"
Directory: /home/joaovictor/Code/gervLib/cmake-build-release/tests
"FFTPivotsTest" start time: Aug 16 19:48 -03
Output:
----------------------------------------------------------
<end of output>
Test time =   0.00 sec
----------------------------------------------------------
Test Passed.
"FFTPivotsTest" end time: Aug 16 19:48 -03
"FFTPivotsTest" time elapsed: 00:00:00
----------------------------------------------------------

7/17 Testing: ConvexPivotsTest
7/17 Test: ConvexPivotsTest
Command: "/home/joaovictor/Code/gervLib/cmake-build-release/tests/ConvexPivotsTest"
Directory: /home/joaovictor/Code/gervLib/cmake-build-release/tests
"ConvexPivotsTest" start time: Aug 16 19:48 -03
Output:
----------------------------------------------------------
<end of output>
Test time =   0.00 sec
----------------------------------------------------------
Test Passed.
"ConvexPivotsTest" end time: Aug 16 19:48 -03
"ConvexPivotsTest" time elapsed: 00:00:00
----------------------------------------------------------

8/17 Testing: MaxSeparatedPivotsTest
8/17 Test: MaxSeparatedPivotsTest
Command: "/home/joaovictor/Code/gervLib/cmake-build-release/tests/MaxSeparatedPivotsTest"
Directory: /home/joaovictor/Code/gervLib/cmake-build-release/tests
"MaxSeparatedPivotsTest" start time: Aug 16 19:48 -03
Output:
----------------------------------------------------------
<end of output>
Test time =   0.00 sec
----------------------------------------------------------
Test Passed.
"MaxSeparatedPivotsTest" end time: Aug 16 19:48 -03
"MaxSeparatedPivotsTest" time elapsed: 00:00:00
----------------------------------------------------------

9/17 Testing: MaxVariancePivotsTest
9/17 Test: MaxVariancePivotsTest
Command: "/home/joaovictor/Code/gervLib/cmake-build-release/tests/MaxVariancePivotsTest"
Directory: /home/joaovictor/Code/gervLib/cmake-build-release/tests
"MaxVariancePivotsTest" start time: Aug 16 19:48 -03
Output:
----------------------------------------------------------
<end of output>
Test time =   0.00 sec
----------------------------------------------------------
Test Passed.
"MaxVariancePivotsTest" end time: Aug 16 19:48 -03
"MaxVariancePivotsTest" time elapsed: 00:00:00
----------------------------------------------------------

10/17 Testing: SelectionPivotsTest
10/17 Test: SelectionPivotsTest
Command: "/home/joaovictor/Code/gervLib/cmake-build-release/tests/SelectionPivotsTest"
Directory: /home/joaovictor/Code/gervLib/cmake-build-release/tests
"SelectionPivotsTest" start time: Aug 16 19:48 -03
Output:
----------------------------------------------------------
<end of output>
Test time =   0.00 sec
----------------------------------------------------------
Test Passed.
"SelectionPivotsTest" end time: Aug 16 19:48 -03
"SelectionPivotsTest" time elapsed: 00:00:00
----------------------------------------------------------

11/17 Testing: PCAPivotsTest
11/17 Test: PCAPivotsTest
Command: "/home/joaovictor/Code/gervLib/cmake-build-release/tests/PCAPivotsTest"
Directory: /home/joaovictor/Code/gervLib/cmake-build-release/tests
"PCAPivotsTest" start time: Aug 16 19:48 -03
Output:
----------------------------------------------------------
<end of output>
Test time =   0.00 sec
----------------------------------------------------------
Test Passed.
"PCAPivotsTest" end time: Aug 16 19:48 -03
"PCAPivotsTest" time elapsed: 00:00:00
----------------------------------------------------------

12/17 Testing: SSSPivotsTest
12/17 Test: SSSPivotsTest
Command: "/home/joaovictor/Code/gervLib/cmake-build-release/tests/SSSPivotsTest"
Directory: /home/joaovictor/Code/gervLib/cmake-build-release/tests
"SSSPivotsTest" start time: Aug 16 19:48 -03
Output:
----------------------------------------------------------
<end of output>
Test time =   0.00 sec
----------------------------------------------------------
Test Passed.
"SSSPivotsTest" end time: Aug 16 19:48 -03
"SSSPivotsTest" time elapsed: 00:00:00
----------------------------------------------------------

13/17 Testing: HFIPivotsTest
13/17 Test: HFIPivotsTest
Command: "/home/joaovictor/Code/gervLib/cmake-build-release/tests/HFIPivotsTest"
Directory: /home/joaovictor/Code/gervLib/cmake-build-release/tests
"HFIPivotsTest" start time: Aug 16 19:48 -03
Output:
----------------------------------------------------------
<end of output>
Test time =   0.00 sec
----------------------------------------------------------
Test Passed.
"HFIPivotsTest" end time: Aug 16 19:48 -03
"HFIPivotsTest" time elapsed: 00:00:00
----------------------------------------------------------

14/17 Testing: ISPivotsTest
14/17 Test: ISPivotsTest
Command: "/home/joaovictor/Code/gervLib/cmake-build-release/tests/ISPivotsTest"
Directory: /home/joaovictor/Code/gervLib/cmake-build-release/tests
"ISPivotsTest" start time: Aug 16 19:48 -03
Output:
----------------------------------------------------------
<end of output>
Test time =   0.01 sec
----------------------------------------------------------
Test Passed.
"ISPivotsTest" end time: Aug 16 19:48 -03
"ISPivotsTest" time elapsed: 00:00:00
----------------------------------------------------------

15/17 Testing: WDRPivotsTest
15/17 Test: WDRPivotsTest
Command: "/home/joaovictor/Code/gervLib/cmake-build-release/tests/WDRPivotsTest"
Directory: /home/joaovictor/Code/gervLib/cmake-build-release/tests
"WDRPivotsTest" start time: Aug 16 19:48 -03
Output:
----------------------------------------------------------
<end of output>
Test time =   0.00 sec
----------------------------------------------------------
Test Passed.
"WDRPivotsTest" end time: Aug 16 19:48 -03
"WDRPivotsTest" time elapsed: 00:00:00
----------------------------------------------------------

16/17 Testing: BPPPivotsTest
16/17 Test: BPPPivotsTest
Command: "/home/joaovictor/Code/gervLib/cmake-build-release/tests/BPPPivotsTest"
Directory: /home/joaovictor/Code/gervLib/cmake-build-release/tests
"BPPPivotsTest" start time: Aug 16 19:48 -03
Output:
----------------------------------------------------------
<end of output>
Test time =   0.00 sec
----------------------------------------------------------
Test Passed.
"BPPPivotsTest" end time: Aug 16 19:48 -03
"BPPPivotsTest" time elapsed: 00:00:00
----------------------------------------------------------

17/17 Testing: KmedoidsPivotsTest
17/17 Test: KmedoidsPivotsTest
Command: "/home/joaovictor/Code/gervLib/cmake-build-release/tests/KmedoidsPivotsTest"
Directory: /home/joaovictor/Code/gervLib/cmake-build-release/tests
"KmedoidsPivotsTest" start time: Aug 16 19:48 -03
Output:
----------------------------------------------------------
<end of output>
Test time =   0.00 sec
----------------------------------------------------------
Test Passed.
"KmedoidsPivotsTest" end time: Aug 16 19:48 -03
"KmedoidsPivotsTest" time elapsed: 00:00:00
----------------------------------------------------------

End testing: Aug 16 19:48 -03
